0 info it worked if it ends with ok
1 verbose cli [ 'node', '/usr/local/bin/npm', 'run', 'sass' ]
2 info using npm@3.5.0
3 info using node@v0.12.7
4 verbose node symlink /usr/local/bin/node
5 verbose run-script [ 'presass', 'sass', 'postsass' ]
6 info lifecycle exercise.1@0.0.0~presass: exercise.1@0.0.0
7 silly lifecycle exercise.1@0.0.0~presass: no script for presass, continuing
8 info lifecycle exercise.1@0.0.0~sass: exercise.1@0.0.0
9 verbose lifecycle exercise.1@0.0.0~sass: unsafe-perm in lifecycle true
10 verbose lifecycle exercise.1@0.0.0~sass: PATH: /usr/local/lib/node_modules/npm/bin/node-gyp-bin:/Users/rosalsm/Desktop/exercise/Exercise.1/node_modules/.bin:/Users/rosalsm/.rbenv/shims:/usr/local/bin:/usr/local/sbin:/usr/bin:/bin:/usr/sbin:/sbin:/usr/local/git/bin
11 verbose lifecycle exercise.1@0.0.0~sass: CWD: /Users/rosalsm/Desktop/exercise/Exercise.1
12 silly lifecycle exercise.1@0.0.0~sass: Args: [ '-c',
12 silly lifecycle   'node-sass src/scss/main.scss src/css/main.css --watch scss/' ]
13 silly lifecycle exercise.1@0.0.0~sass: Returned: code: 1  signal: null
14 info lifecycle exercise.1@0.0.0~sass: Failed to exec sass script
15 verbose stack Error: exercise.1@0.0.0 sass: `node-sass src/scss/main.scss src/css/main.css --watch scss/`
15 verbose stack Exit status 1
15 verbose stack     at EventEmitter.<anonymous> (/usr/local/lib/node_modules/npm/lib/utils/lifecycle.js:232:16)
15 verbose stack     at EventEmitter.emit (events.js:110:17)
15 verbose stack     at ChildProcess.<anonymous> (/usr/local/lib/node_modules/npm/lib/utils/spawn.js:24:14)
15 verbose stack     at ChildProcess.emit (events.js:110:17)
15 verbose stack     at maybeClose (child_process.js:1015:16)
15 verbose stack     at Process.ChildProcess._handle.onexit (child_process.js:1087:5)
16 verbose pkgid exercise.1@0.0.0
17 verbose cwd /Users/rosalsm/Desktop/exercise/Exercise.1
18 error Darwin 14.5.0
19 error argv "node" "/usr/local/bin/npm" "run" "sass"
20 error node v0.12.7
21 error npm  v3.5.0
22 error code ELIFECYCLE
23 error exercise.1@0.0.0 sass: `node-sass src/scss/main.scss src/css/main.css --watch scss/`
23 error Exit status 1
24 error Failed at the exercise.1@0.0.0 sass script 'node-sass src/scss/main.scss src/css/main.css --watch scss/'.
24 error Make sure you have the latest version of node.js and npm installed.
24 error If you do, this is most likely a problem with the exercise.1 package,
24 error not with npm itself.
24 error Tell the author that this fails on your system:
24 error     node-sass src/scss/main.scss src/css/main.css --watch scss/
24 error You can get their info via:
24 error     npm owner ls exercise.1
24 error There is likely additional logging output above.
25 verbose exit [ 1, true ]
